CRITICAL - 2025-05-01 11:57:32 --> ErrorException: preg_replace_callback(): Allocation of JIT memory failed, PCRE JIT will be disabled. This is likely caused by security restrictions. Either grant PHP permission to allocate executable memory, or set pcre.jit=0
[Method: GET, Route: produk]
in SYSTEMPATH\HTTP\URI.php on line 1022.
 1 [internal function]: CodeIgniter\Debug\Exceptions->errorHandler(2, 'preg_replace_callback(): Allocation of JIT memory failed, PCRE JIT will be disabled. This is likely caused by security restrictions. Either grant PHP permission to allocate executable memory, or set pcre.jit=0', 'C:\\xampp\\htdocs\\grafix_API\\system\\HTTP\\URI.php', 1022)
 2 SYSTEMPATH\HTTP\URI.php(1022): preg_replace_callback('/(?:[^a-zA-Z0-9_\\-\\.~:@&=\\+\\$,\\/;%]+|%(?![A-Fa-f0-9]{2}))/', Object(Closure), '/')
 3 SYSTEMPATH\HTTP\URI.php(1045): CodeIgniter\HTTP\URI->filterPath('/')
 4 SYSTEMPATH\HTTP\URI.php(315): CodeIgniter\HTTP\URI->applyParts([...])
 5 SYSTEMPATH\HTTP\URI.php(259): CodeIgniter\HTTP\URI->setURI('http://localhost:8080/')
 6 SYSTEMPATH\HTTP\SiteURI.php(149): CodeIgniter\HTTP\URI->__construct('http://localhost:8080/')
 7 SYSTEMPATH\HTTP\SiteURI.php(102): CodeIgniter\HTTP\SiteURI->determineBaseURL(Object(Config\App), null, null)
 8 SYSTEMPATH\HTTP\SiteURIFactory.php(212): CodeIgniter\HTTP\SiteURI->__construct(Object(Config\App), 'produk', null)
 9 SYSTEMPATH\HTTP\SiteURIFactory.php(42): CodeIgniter\HTTP\SiteURIFactory->createURIFromRoutePath('produk')
10 SYSTEMPATH\Config\Services.php(816): CodeIgniter\HTTP\SiteURIFactory->createFromGlobals()
11 SYSTEMPATH\Config\BaseService.php(312): CodeIgniter\Config\Services::uri(null, false)
12 SYSTEMPATH\Config\BaseService.php(251): CodeIgniter\Config\BaseService::__callStatic('uri', [...])
13 SYSTEMPATH\Config\Services.php(809): CodeIgniter\Config\BaseService::getSharedInstance('uri', null)
14 SYSTEMPATH\Config\BaseService.php(321): CodeIgniter\Config\Services::uri()
15 SYSTEMPATH\Config\BaseService.php(202): CodeIgniter\Config\BaseService::__callStatic('uri', [])
16 SYSTEMPATH\Config\Services.php(570): CodeIgniter\Config\BaseService::get('uri')
17 SYSTEMPATH\Config\BaseService.php(312): CodeIgniter\Config\Services::incomingrequest(Object(Config\App), false)
18 SYSTEMPATH\Config\Services.php(528): CodeIgniter\Config\BaseService::__callStatic('incomingrequest', [...])
19 SYSTEMPATH\Config\BaseService.php(321): CodeIgniter\Config\Services::request(Object(Config\App), false)
20 SYSTEMPATH\Config\BaseService.php(251): CodeIgniter\Config\BaseService::__callStatic('request', [...])
21 SYSTEMPATH\Config\Services.php(563): CodeIgniter\Config\BaseService::getSharedInstance('request', Object(Config\App))
22 SYSTEMPATH\Config\BaseService.php(321): CodeIgniter\Config\Services::incomingrequest(Object(Config\App))
23 SYSTEMPATH\Config\Services.php(543): CodeIgniter\Config\BaseService::__callStatic('incomingrequest', [...])
24 SYSTEMPATH\Config\BaseService.php(321): CodeIgniter\Config\Services::createRequest(Object(Config\App))
25 SYSTEMPATH\CodeIgniter.php(652): CodeIgniter\Config\BaseService::__callStatic('createRequest', [...])
26 SYSTEMPATH\CodeIgniter.php(337): CodeIgniter\CodeIgniter->getRequestObject()
27 SYSTEMPATH\Boot.php(325): CodeIgniter\CodeIgniter->run()
28 SYSTEMPATH\Boot.php(67): CodeIgniter\Boot::runCodeIgniter(Object(CodeIgniter\CodeIgniter))
29 FCPATH\index.php(56): CodeIgniter\Boot::bootWeb(Object(Config\Paths))
CRITICAL - 2025-05-01 11:57:32 --> ErrorException: preg_replace_callback(): Allocation of JIT memory failed, PCRE JIT will be disabled. This is likely caused by security restrictions. Either grant PHP permission to allocate executable memory, or set pcre.jit=0
[Method: GET, Route: api/keranjang]
in SYSTEMPATH\HTTP\URI.php on line 1022.
 1 [internal function]: CodeIgniter\Debug\Exceptions->errorHandler(2, 'preg_replace_callback(): Allocation of JIT memory failed, PCRE JIT will be disabled. This is likely caused by security restrictions. Either grant PHP permission to allocate executable memory, or set pcre.jit=0', 'C:\\xampp\\htdocs\\grafix_API\\system\\HTTP\\URI.php', 1022)
 2 SYSTEMPATH\HTTP\URI.php(1022): preg_replace_callback('/(?:[^a-zA-Z0-9_\\-\\.~:@&=\\+\\$,\\/;%]+|%(?![A-Fa-f0-9]{2}))/', Object(Closure), '/')
 3 SYSTEMPATH\HTTP\URI.php(1045): CodeIgniter\HTTP\URI->filterPath('/')
 4 SYSTEMPATH\HTTP\URI.php(315): CodeIgniter\HTTP\URI->applyParts([...])
 5 SYSTEMPATH\HTTP\URI.php(259): CodeIgniter\HTTP\URI->setURI('http://localhost:8080/')
 6 SYSTEMPATH\HTTP\SiteURI.php(149): CodeIgniter\HTTP\URI->__construct('http://localhost:8080/')
 7 SYSTEMPATH\HTTP\SiteURI.php(102): CodeIgniter\HTTP\SiteURI->determineBaseURL(Object(Config\App), null, null)
 8 SYSTEMPATH\HTTP\SiteURIFactory.php(212): CodeIgniter\HTTP\SiteURI->__construct(Object(Config\App), 'api/keranjang', null)
 9 SYSTEMPATH\HTTP\SiteURIFactory.php(42): CodeIgniter\HTTP\SiteURIFactory->createURIFromRoutePath('api/keranjang')
10 SYSTEMPATH\Config\Services.php(816): CodeIgniter\HTTP\SiteURIFactory->createFromGlobals()
11 SYSTEMPATH\Config\BaseService.php(312): CodeIgniter\Config\Services::uri(null, false)
12 SYSTEMPATH\Config\BaseService.php(251): CodeIgniter\Config\BaseService::__callStatic('uri', [...])
13 SYSTEMPATH\Config\Services.php(809): CodeIgniter\Config\BaseService::getSharedInstance('uri', null)
14 SYSTEMPATH\Config\BaseService.php(321): CodeIgniter\Config\Services::uri()
15 SYSTEMPATH\Config\BaseService.php(202): CodeIgniter\Config\BaseService::__callStatic('uri', [])
16 SYSTEMPATH\Config\Services.php(570): CodeIgniter\Config\BaseService::get('uri')
17 SYSTEMPATH\Config\BaseService.php(312): CodeIgniter\Config\Services::incomingrequest(Object(Config\App), false)
18 SYSTEMPATH\Config\Services.php(528): CodeIgniter\Config\BaseService::__callStatic('incomingrequest', [...])
19 SYSTEMPATH\Config\BaseService.php(321): CodeIgniter\Config\Services::request(Object(Config\App), false)
20 SYSTEMPATH\Config\BaseService.php(251): CodeIgniter\Config\BaseService::__callStatic('request', [...])
21 SYSTEMPATH\Config\Services.php(563): CodeIgniter\Config\BaseService::getSharedInstance('request', Object(Config\App))
22 SYSTEMPATH\Config\BaseService.php(321): CodeIgniter\Config\Services::incomingrequest(Object(Config\App))
23 SYSTEMPATH\Config\Services.php(543): CodeIgniter\Config\BaseService::__callStatic('incomingrequest', [...])
24 SYSTEMPATH\Config\BaseService.php(321): CodeIgniter\Config\Services::createRequest(Object(Config\App))
25 SYSTEMPATH\CodeIgniter.php(652): CodeIgniter\Config\BaseService::__callStatic('createRequest', [...])
26 SYSTEMPATH\CodeIgniter.php(337): CodeIgniter\CodeIgniter->getRequestObject()
27 SYSTEMPATH\Boot.php(325): CodeIgniter\CodeIgniter->run()
28 SYSTEMPATH\Boot.php(67): CodeIgniter\Boot::runCodeIgniter(Object(CodeIgniter\CodeIgniter))
29 FCPATH\index.php(56): CodeIgniter\Boot::bootWeb(Object(Config\Paths))
ERROR - 2025-05-01 11:58:30 --> mysqli_sql_exception: Column 'name' cannot be null in C:\xampp\htdocs\grafix_API\system\Database\MySQLi\Connection.php:312
Stack trace:
#0 C:\xampp\htdocs\grafix_API\system\Database\MySQLi\Connection.php(312): mysqli->query('INSERT INTO `ke...', 0)
#1 C:\xampp\htdocs\grafix_API\system\Database\BaseConnection.php(734): CodeIgniter\Database\MySQLi\Connection->execute('INSERT INTO `ke...')
#2 C:\xampp\htdocs\grafix_API\system\Database\BaseConnection.php(648): CodeIgniter\Database\BaseConnection->simpleQuery('INSERT INTO `ke...')
#3 C:\xampp\htdocs\grafix_API\system\Database\BaseBuilder.php(2340): CodeIgniter\Database\BaseConnection->query('INSERT INTO `ke...', Array, false)
#4 C:\xampp\htdocs\grafix_API\system\Model.php(394): CodeIgniter\Database\BaseBuilder->insert()
#5 C:\xampp\htdocs\grafix_API\system\BaseModel.php(840): CodeIgniter\Model->doInsert(Array)
#6 C:\xampp\htdocs\grafix_API\system\Model.php(802): CodeIgniter\BaseModel->insert(Array, true)
#7 C:\xampp\htdocs\grafix_API\app\Controllers\keranjangController.php(101): CodeIgniter\Model->insert(Array)
#8 C:\xampp\htdocs\grafix_API\system\CodeIgniter.php(933): App\Controllers\KeranjangController->tambah()
#9 C:\xampp\htdocs\grafix_API\system\CodeIgniter.php(509): CodeIgniter\CodeIgniter->runController(Object(App\Controllers\KeranjangController))
#10 C:\xampp\htdocs\grafix_API\system\CodeIgniter.php(355): CodeIgniter\CodeIgniter->handleRequest(NULL, Object(Config\Cache), false)
#11 C:\xampp\htdocs\grafix_API\system\Boot.php(325): CodeIgniter\CodeIgniter->run()
#12 C:\xampp\htdocs\grafix_API\system\Boot.php(67): CodeIgniter\Boot::runCodeIgniter(Object(CodeIgniter\CodeIgniter))
#13 C:\xampp\htdocs\grafix_API\public\index.php(56): CodeIgniter\Boot::bootWeb(Object(Config\Paths))
#14 {main}
CRITICAL - 2025-05-01 11:58:30 --> CodeIgniter\Database\Exceptions\DatabaseException: Column 'name' cannot be null
[Method: POST, Route: api/keranjang/tambah]
in SYSTEMPATH\Database\BaseConnection.php on line 688.
 1 SYSTEMPATH\Database\BaseBuilder.php(2340): CodeIgniter\Database\BaseConnection->query('INSERT INTO `keranjang` (`user_id`, `produk_id`, `jumlah`, `storage`, `color`, `image`, `name`) VALUES (:user_id:, :produk_id:, :jumlah:, :storage:, :color:, :image:, :name:)', [...], false)
 2 SYSTEMPATH\Model.php(394): CodeIgniter\Database\BaseBuilder->insert()
 3 SYSTEMPATH\BaseModel.php(840): CodeIgniter\Model->doInsert([...])
 4 SYSTEMPATH\Model.php(802): CodeIgniter\BaseModel->insert([...], true)
 5 APPPATH\Controllers\keranjangController.php(101): CodeIgniter\Model->insert([...])
 6 SYSTEMPATH\CodeIgniter.php(933): App\Controllers\KeranjangController->tambah()
 7 SYSTEMPATH\CodeIgniter.php(509): CodeIgniter\CodeIgniter->runController(Object(App\Controllers\KeranjangController))
 8 SYSTEMPATH\CodeIgniter.php(355): CodeIgniter\CodeIgniter->handleRequest(null, Object(Config\Cache), false)
 9 SYSTEMPATH\Boot.php(325): CodeIgniter\CodeIgniter->run()
10 SYSTEMPATH\Boot.php(67): CodeIgniter\Boot::runCodeIgniter(Object(CodeIgniter\CodeIgniter))
11 FCPATH\index.php(56): CodeIgniter\Boot::bootWeb(Object(Config\Paths))
CRITICAL - 2025-05-01 11:58:30 --> [Caused by] CodeIgniter\Database\Exceptions\DatabaseException: Column 'name' cannot be null
in SYSTEMPATH\Database\MySQLi\Connection.php on line 317.
 1 SYSTEMPATH\Database\BaseConnection.php(734): CodeIgniter\Database\MySQLi\Connection->execute('INSERT INTO `keranjang` (`user_id`, `produk_id`, `jumlah`, `storage`, `color`, `image`, `name`) VALUES (\'4\', \'5\', 1, \'256GB/8GB\', \'Blue\', \'oppofindx8.jpg\', NULL)')
 2 SYSTEMPATH\Database\BaseConnection.php(648): CodeIgniter\Database\BaseConnection->simpleQuery('INSERT INTO `keranjang` (`user_id`, `produk_id`, `jumlah`, `storage`, `color`, `image`, `name`) VALUES (\'4\', \'5\', 1, \'256GB/8GB\', \'Blue\', \'oppofindx8.jpg\', NULL)')
 3 SYSTEMPATH\Database\BaseBuilder.php(2340): CodeIgniter\Database\BaseConnection->query('INSERT INTO `keranjang` (`user_id`, `produk_id`, `jumlah`, `storage`, `color`, `image`, `name`) VALUES (:user_id:, :produk_id:, :jumlah:, :storage:, :color:, :image:, :name:)', [...], false)
 4 SYSTEMPATH\Model.php(394): CodeIgniter\Database\BaseBuilder->insert()
 5 SYSTEMPATH\BaseModel.php(840): CodeIgniter\Model->doInsert([...])
 6 SYSTEMPATH\Model.php(802): CodeIgniter\BaseModel->insert([...], true)
 7 APPPATH\Controllers\keranjangController.php(101): CodeIgniter\Model->insert([...])
 8 SYSTEMPATH\CodeIgniter.php(933): App\Controllers\KeranjangController->tambah()
 9 SYSTEMPATH\CodeIgniter.php(509): CodeIgniter\CodeIgniter->runController(Object(App\Controllers\KeranjangController))
10 SYSTEMPATH\CodeIgniter.php(355): CodeIgniter\CodeIgniter->handleRequest(null, Object(Config\Cache), false)
11 SYSTEMPATH\Boot.php(325): CodeIgniter\CodeIgniter->run()
12 SYSTEMPATH\Boot.php(67): CodeIgniter\Boot::runCodeIgniter(Object(CodeIgniter\CodeIgniter))
13 FCPATH\index.php(56): CodeIgniter\Boot::bootWeb(Object(Config\Paths))
CRITICAL - 2025-05-01 11:58:30 --> [Caused by] mysqli_sql_exception: Column 'name' cannot be null
in SYSTEMPATH\Database\MySQLi\Connection.php on line 312.
 1 SYSTEMPATH\Database\MySQLi\Connection.php(312): mysqli->query('INSERT INTO `keranjang` (`user_id`, `produk_id`, `jumlah`, `storage`, `color`, `image`, `name`) VALUES (\'4\', \'5\', 1, \'256GB/8GB\', \'Blue\', \'oppofindx8.jpg\', NULL)', 0)
 2 SYSTEMPATH\Database\BaseConnection.php(734): CodeIgniter\Database\MySQLi\Connection->execute('INSERT INTO `keranjang` (`user_id`, `produk_id`, `jumlah`, `storage`, `color`, `image`, `name`) VALUES (\'4\', \'5\', 1, \'256GB/8GB\', \'Blue\', \'oppofindx8.jpg\', NULL)')
 3 SYSTEMPATH\Database\BaseConnection.php(648): CodeIgniter\Database\BaseConnection->simpleQuery('INSERT INTO `keranjang` (`user_id`, `produk_id`, `jumlah`, `storage`, `color`, `image`, `name`) VALUES (\'4\', \'5\', 1, \'256GB/8GB\', \'Blue\', \'oppofindx8.jpg\', NULL)')
 4 SYSTEMPATH\Database\BaseBuilder.php(2340): CodeIgniter\Database\BaseConnection->query('INSERT INTO `keranjang` (`user_id`, `produk_id`, `jumlah`, `storage`, `color`, `image`, `name`) VALUES (:user_id:, :produk_id:, :jumlah:, :storage:, :color:, :image:, :name:)', [...], false)
 5 SYSTEMPATH\Model.php(394): CodeIgniter\Database\BaseBuilder->insert()
 6 SYSTEMPATH\BaseModel.php(840): CodeIgniter\Model->doInsert([...])
 7 SYSTEMPATH\Model.php(802): CodeIgniter\BaseModel->insert([...], true)
 8 APPPATH\Controllers\keranjangController.php(101): CodeIgniter\Model->insert([...])
 9 SYSTEMPATH\CodeIgniter.php(933): App\Controllers\KeranjangController->tambah()
10 SYSTEMPATH\CodeIgniter.php(509): CodeIgniter\CodeIgniter->runController(Object(App\Controllers\KeranjangController))
11 SYSTEMPATH\CodeIgniter.php(355): CodeIgniter\CodeIgniter->handleRequest(null, Object(Config\Cache), false)
12 SYSTEMPATH\Boot.php(325): CodeIgniter\CodeIgniter->run()
13 SYSTEMPATH\Boot.php(67): CodeIgniter\Boot::runCodeIgniter(Object(CodeIgniter\CodeIgniter))
14 FCPATH\index.php(56): CodeIgniter\Boot::bootWeb(Object(Config\Paths))
ERROR - 2025-05-01 12:07:29 --> mysqli_sql_exception: Column 'name' cannot be null in C:\xampp\htdocs\grafix_API\system\Database\MySQLi\Connection.php:312
Stack trace:
#0 C:\xampp\htdocs\grafix_API\system\Database\MySQLi\Connection.php(312): mysqli->query('INSERT INTO `ke...', 0)
#1 C:\xampp\htdocs\grafix_API\system\Database\BaseConnection.php(734): CodeIgniter\Database\MySQLi\Connection->execute('INSERT INTO `ke...')
#2 C:\xampp\htdocs\grafix_API\system\Database\BaseConnection.php(648): CodeIgniter\Database\BaseConnection->simpleQuery('INSERT INTO `ke...')
#3 C:\xampp\htdocs\grafix_API\system\Database\BaseBuilder.php(2340): CodeIgniter\Database\BaseConnection->query('INSERT INTO `ke...', Array, false)
#4 C:\xampp\htdocs\grafix_API\system\Model.php(394): CodeIgniter\Database\BaseBuilder->insert()
#5 C:\xampp\htdocs\grafix_API\system\BaseModel.php(840): CodeIgniter\Model->doInsert(Array)
#6 C:\xampp\htdocs\grafix_API\system\Model.php(802): CodeIgniter\BaseModel->insert(Array, true)
#7 C:\xampp\htdocs\grafix_API\app\Controllers\keranjangController.php(101): CodeIgniter\Model->insert(Array)
#8 C:\xampp\htdocs\grafix_API\system\CodeIgniter.php(933): App\Controllers\KeranjangController->tambah()
#9 C:\xampp\htdocs\grafix_API\system\CodeIgniter.php(509): CodeIgniter\CodeIgniter->runController(Object(App\Controllers\KeranjangController))
#10 C:\xampp\htdocs\grafix_API\system\CodeIgniter.php(355): CodeIgniter\CodeIgniter->handleRequest(NULL, Object(Config\Cache), false)
#11 C:\xampp\htdocs\grafix_API\system\Boot.php(325): CodeIgniter\CodeIgniter->run()
#12 C:\xampp\htdocs\grafix_API\system\Boot.php(67): CodeIgniter\Boot::runCodeIgniter(Object(CodeIgniter\CodeIgniter))
#13 C:\xampp\htdocs\grafix_API\public\index.php(56): CodeIgniter\Boot::bootWeb(Object(Config\Paths))
#14 {main}
ERROR - 2025-05-01 12:07:29 --> mysqli_sql_exception: Column 'name' cannot be null in C:\xampp\htdocs\grafix_API\system\Database\MySQLi\Connection.php:312
Stack trace:
#0 C:\xampp\htdocs\grafix_API\system\Database\MySQLi\Connection.php(312): mysqli->query('INSERT INTO `ke...', 0)
#1 C:\xampp\htdocs\grafix_API\system\Database\BaseConnection.php(734): CodeIgniter\Database\MySQLi\Connection->execute('INSERT INTO `ke...')
#2 C:\xampp\htdocs\grafix_API\system\Database\BaseConnection.php(648): CodeIgniter\Database\BaseConnection->simpleQuery('INSERT INTO `ke...')
#3 C:\xampp\htdocs\grafix_API\system\Database\BaseBuilder.php(2340): CodeIgniter\Database\BaseConnection->query('INSERT INTO `ke...', Array, false)
#4 C:\xampp\htdocs\grafix_API\system\Model.php(394): CodeIgniter\Database\BaseBuilder->insert()
#5 C:\xampp\htdocs\grafix_API\system\BaseModel.php(840): CodeIgniter\Model->doInsert(Array)
#6 C:\xampp\htdocs\grafix_API\system\Model.php(802): CodeIgniter\BaseModel->insert(Array, true)
#7 C:\xampp\htdocs\grafix_API\app\Controllers\keranjangController.php(101): CodeIgniter\Model->insert(Array)
#8 C:\xampp\htdocs\grafix_API\system\CodeIgniter.php(933): App\Controllers\KeranjangController->tambah()
#9 C:\xampp\htdocs\grafix_API\system\CodeIgniter.php(509): CodeIgniter\CodeIgniter->runController(Object(App\Controllers\KeranjangController))
#10 C:\xampp\htdocs\grafix_API\system\CodeIgniter.php(355): CodeIgniter\CodeIgniter->handleRequest(NULL, Object(Config\Cache), false)
#11 C:\xampp\htdocs\grafix_API\system\Boot.php(325): CodeIgniter\CodeIgniter->run()
#12 C:\xampp\htdocs\grafix_API\system\Boot.php(67): CodeIgniter\Boot::runCodeIgniter(Object(CodeIgniter\CodeIgniter))
#13 C:\xampp\htdocs\grafix_API\public\index.php(56): CodeIgniter\Boot::bootWeb(Object(Config\Paths))
#14 {main}
CRITICAL - 2025-05-01 12:07:29 --> CodeIgniter\Database\Exceptions\DatabaseException: Column 'name' cannot be null
[Method: POST, Route: api/keranjang/tambah]
in SYSTEMPATH\Database\BaseConnection.php on line 688.
 1 SYSTEMPATH\Database\BaseBuilder.php(2340): CodeIgniter\Database\BaseConnection->query('INSERT INTO `keranjang` (`user_id`, `produk_id`, `jumlah`, `storage`, `color`, `image`, `name`) VALUES (:user_id:, :produk_id:, :jumlah:, :storage:, :color:, :image:, :name:)', [...], false)
 2 SYSTEMPATH\Model.php(394): CodeIgniter\Database\BaseBuilder->insert()
 3 SYSTEMPATH\BaseModel.php(840): CodeIgniter\Model->doInsert([...])
 4 SYSTEMPATH\Model.php(802): CodeIgniter\BaseModel->insert([...], true)
 5 APPPATH\Controllers\keranjangController.php(101): CodeIgniter\Model->insert([...])
 6 SYSTEMPATH\CodeIgniter.php(933): App\Controllers\KeranjangController->tambah()
 7 SYSTEMPATH\CodeIgniter.php(509): CodeIgniter\CodeIgniter->runController(Object(App\Controllers\KeranjangController))
 8 SYSTEMPATH\CodeIgniter.php(355): CodeIgniter\CodeIgniter->handleRequest(null, Object(Config\Cache), false)
 9 SYSTEMPATH\Boot.php(325): CodeIgniter\CodeIgniter->run()
10 SYSTEMPATH\Boot.php(67): CodeIgniter\Boot::runCodeIgniter(Object(CodeIgniter\CodeIgniter))
11 FCPATH\index.php(56): CodeIgniter\Boot::bootWeb(Object(Config\Paths))
CRITICAL - 2025-05-01 12:07:29 --> CodeIgniter\Database\Exceptions\DatabaseException: Column 'name' cannot be null
[Method: POST, Route: api/keranjang/tambah]
in SYSTEMPATH\Database\BaseConnection.php on line 688.
 1 SYSTEMPATH\Database\BaseBuilder.php(2340): CodeIgniter\Database\BaseConnection->query('INSERT INTO `keranjang` (`user_id`, `produk_id`, `jumlah`, `storage`, `color`, `image`, `name`) VALUES (:user_id:, :produk_id:, :jumlah:, :storage:, :color:, :image:, :name:)', [...], false)
 2 SYSTEMPATH\Model.php(394): CodeIgniter\Database\BaseBuilder->insert()
 3 SYSTEMPATH\BaseModel.php(840): CodeIgniter\Model->doInsert([...])
 4 SYSTEMPATH\Model.php(802): CodeIgniter\BaseModel->insert([...], true)
 5 APPPATH\Controllers\keranjangController.php(101): CodeIgniter\Model->insert([...])
 6 SYSTEMPATH\CodeIgniter.php(933): App\Controllers\KeranjangController->tambah()
 7 SYSTEMPATH\CodeIgniter.php(509): CodeIgniter\CodeIgniter->runController(Object(App\Controllers\KeranjangController))
 8 SYSTEMPATH\CodeIgniter.php(355): CodeIgniter\CodeIgniter->handleRequest(null, Object(Config\Cache), false)
 9 SYSTEMPATH\Boot.php(325): CodeIgniter\CodeIgniter->run()
10 SYSTEMPATH\Boot.php(67): CodeIgniter\Boot::runCodeIgniter(Object(CodeIgniter\CodeIgniter))
11 FCPATH\index.php(56): CodeIgniter\Boot::bootWeb(Object(Config\Paths))
CRITICAL - 2025-05-01 12:07:29 --> [Caused by] CodeIgniter\Database\Exceptions\DatabaseException: Column 'name' cannot be null
in SYSTEMPATH\Database\MySQLi\Connection.php on line 317.
 1 SYSTEMPATH\Database\BaseConnection.php(734): CodeIgniter\Database\MySQLi\Connection->execute('INSERT INTO `keranjang` (`user_id`, `produk_id`, `jumlah`, `storage`, `color`, `image`, `name`) VALUES (\'4\', \'8\', 1, \'256GB/8GB\', \'Blue\', \'camon20premiere.jpg\', NULL)')
 2 SYSTEMPATH\Database\BaseConnection.php(648): CodeIgniter\Database\BaseConnection->simpleQuery('INSERT INTO `keranjang` (`user_id`, `produk_id`, `jumlah`, `storage`, `color`, `image`, `name`) VALUES (\'4\', \'8\', 1, \'256GB/8GB\', \'Blue\', \'camon20premiere.jpg\', NULL)')
 3 SYSTEMPATH\Database\BaseBuilder.php(2340): CodeIgniter\Database\BaseConnection->query('INSERT INTO `keranjang` (`user_id`, `produk_id`, `jumlah`, `storage`, `color`, `image`, `name`) VALUES (:user_id:, :produk_id:, :jumlah:, :storage:, :color:, :image:, :name:)', [...], false)
 4 SYSTEMPATH\Model.php(394): CodeIgniter\Database\BaseBuilder->insert()
 5 SYSTEMPATH\BaseModel.php(840): CodeIgniter\Model->doInsert([...])
 6 SYSTEMPATH\Model.php(802): CodeIgniter\BaseModel->insert([...], true)
 7 APPPATH\Controllers\keranjangController.php(101): CodeIgniter\Model->insert([...])
 8 SYSTEMPATH\CodeIgniter.php(933): App\Controllers\KeranjangController->tambah()
 9 SYSTEMPATH\CodeIgniter.php(509): CodeIgniter\CodeIgniter->runController(Object(App\Controllers\KeranjangController))
10 SYSTEMPATH\CodeIgniter.php(355): CodeIgniter\CodeIgniter->handleRequest(null, Object(Config\Cache), false)
11 SYSTEMPATH\Boot.php(325): CodeIgniter\CodeIgniter->run()
12 SYSTEMPATH\Boot.php(67): CodeIgniter\Boot::runCodeIgniter(Object(CodeIgniter\CodeIgniter))
13 FCPATH\index.php(56): CodeIgniter\Boot::bootWeb(Object(Config\Paths))
CRITICAL - 2025-05-01 12:07:29 --> [Caused by] CodeIgniter\Database\Exceptions\DatabaseException: Column 'name' cannot be null
in SYSTEMPATH\Database\MySQLi\Connection.php on line 317.
 1 SYSTEMPATH\Database\BaseConnection.php(734): CodeIgniter\Database\MySQLi\Connection->execute('INSERT INTO `keranjang` (`user_id`, `produk_id`, `jumlah`, `storage`, `color`, `image`, `name`) VALUES (\'4\', \'8\', 1, \'256GB/8GB\', \'Blue\', \'camon20premiere.jpg\', NULL)')
 2 SYSTEMPATH\Database\BaseConnection.php(648): CodeIgniter\Database\BaseConnection->simpleQuery('INSERT INTO `keranjang` (`user_id`, `produk_id`, `jumlah`, `storage`, `color`, `image`, `name`) VALUES (\'4\', \'8\', 1, \'256GB/8GB\', \'Blue\', \'camon20premiere.jpg\', NULL)')
 3 SYSTEMPATH\Database\BaseBuilder.php(2340): CodeIgniter\Database\BaseConnection->query('INSERT INTO `keranjang` (`user_id`, `produk_id`, `jumlah`, `storage`, `color`, `image`, `name`) VALUES (:user_id:, :produk_id:, :jumlah:, :storage:, :color:, :image:, :name:)', [...], false)
 4 SYSTEMPATH\Model.php(394): CodeIgniter\Database\BaseBuilder->insert()
 5 SYSTEMPATH\BaseModel.php(840): CodeIgniter\Model->doInsert([...])
 6 SYSTEMPATH\Model.php(802): CodeIgniter\BaseModel->insert([...], true)
 7 APPPATH\Controllers\keranjangController.php(101): CodeIgniter\Model->insert([...])
 8 SYSTEMPATH\CodeIgniter.php(933): App\Controllers\KeranjangController->tambah()
 9 SYSTEMPATH\CodeIgniter.php(509): CodeIgniter\CodeIgniter->runController(Object(App\Controllers\KeranjangController))
10 SYSTEMPATH\CodeIgniter.php(355): CodeIgniter\CodeIgniter->handleRequest(null, Object(Config\Cache), false)
11 SYSTEMPATH\Boot.php(325): CodeIgniter\CodeIgniter->run()
12 SYSTEMPATH\Boot.php(67): CodeIgniter\Boot::runCodeIgniter(Object(CodeIgniter\CodeIgniter))
13 FCPATH\index.php(56): CodeIgniter\Boot::bootWeb(Object(Config\Paths))
CRITICAL - 2025-05-01 12:07:29 --> [Caused by] mysqli_sql_exception: Column 'name' cannot be null
in SYSTEMPATH\Database\MySQLi\Connection.php on line 312.
 1 SYSTEMPATH\Database\MySQLi\Connection.php(312): mysqli->query('INSERT INTO `keranjang` (`user_id`, `produk_id`, `jumlah`, `storage`, `color`, `image`, `name`) VALUES (\'4\', \'8\', 1, \'256GB/8GB\', \'Blue\', \'camon20premiere.jpg\', NULL)', 0)
 2 SYSTEMPATH\Database\BaseConnection.php(734): CodeIgniter\Database\MySQLi\Connection->execute('INSERT INTO `keranjang` (`user_id`, `produk_id`, `jumlah`, `storage`, `color`, `image`, `name`) VALUES (\'4\', \'8\', 1, \'256GB/8GB\', \'Blue\', \'camon20premiere.jpg\', NULL)')
 3 SYSTEMPATH\Database\BaseConnection.php(648): CodeIgniter\Database\BaseConnection->simpleQuery('INSERT INTO `keranjang` (`user_id`, `produk_id`, `jumlah`, `storage`, `color`, `image`, `name`) VALUES (\'4\', \'8\', 1, \'256GB/8GB\', \'Blue\', \'camon20premiere.jpg\', NULL)')
 4 SYSTEMPATH\Database\BaseBuilder.php(2340): CodeIgniter\Database\BaseConnection->query('INSERT INTO `keranjang` (`user_id`, `produk_id`, `jumlah`, `storage`, `color`, `image`, `name`) VALUES (:user_id:, :produk_id:, :jumlah:, :storage:, :color:, :image:, :name:)', [...], false)
 5 SYSTEMPATH\Model.php(394): CodeIgniter\Database\BaseBuilder->insert()
 6 SYSTEMPATH\BaseModel.php(840): CodeIgniter\Model->doInsert([...])
 7 SYSTEMPATH\Model.php(802): CodeIgniter\BaseModel->insert([...], true)
 8 APPPATH\Controllers\keranjangController.php(101): CodeIgniter\Model->insert([...])
 9 SYSTEMPATH\CodeIgniter.php(933): App\Controllers\KeranjangController->tambah()
10 SYSTEMPATH\CodeIgniter.php(509): CodeIgniter\CodeIgniter->runController(Object(App\Controllers\KeranjangController))
11 SYSTEMPATH\CodeIgniter.php(355): CodeIgniter\CodeIgniter->handleRequest(null, Object(Config\Cache), false)
12 SYSTEMPATH\Boot.php(325): CodeIgniter\CodeIgniter->run()
13 SYSTEMPATH\Boot.php(67): CodeIgniter\Boot::runCodeIgniter(Object(CodeIgniter\CodeIgniter))
14 FCPATH\index.php(56): CodeIgniter\Boot::bootWeb(Object(Config\Paths))
CRITICAL - 2025-05-01 12:07:29 --> [Caused by] mysqli_sql_exception: Column 'name' cannot be null
in SYSTEMPATH\Database\MySQLi\Connection.php on line 312.
 1 SYSTEMPATH\Database\MySQLi\Connection.php(312): mysqli->query('INSERT INTO `keranjang` (`user_id`, `produk_id`, `jumlah`, `storage`, `color`, `image`, `name`) VALUES (\'4\', \'8\', 1, \'256GB/8GB\', \'Blue\', \'camon20premiere.jpg\', NULL)', 0)
 2 SYSTEMPATH\Database\BaseConnection.php(734): CodeIgniter\Database\MySQLi\Connection->execute('INSERT INTO `keranjang` (`user_id`, `produk_id`, `jumlah`, `storage`, `color`, `image`, `name`) VALUES (\'4\', \'8\', 1, \'256GB/8GB\', \'Blue\', \'camon20premiere.jpg\', NULL)')
 3 SYSTEMPATH\Database\BaseConnection.php(648): CodeIgniter\Database\BaseConnection->simpleQuery('INSERT INTO `keranjang` (`user_id`, `produk_id`, `jumlah`, `storage`, `color`, `image`, `name`) VALUES (\'4\', \'8\', 1, \'256GB/8GB\', \'Blue\', \'camon20premiere.jpg\', NULL)')
 4 SYSTEMPATH\Database\BaseBuilder.php(2340): CodeIgniter\Database\BaseConnection->query('INSERT INTO `keranjang` (`user_id`, `produk_id`, `jumlah`, `storage`, `color`, `image`, `name`) VALUES (:user_id:, :produk_id:, :jumlah:, :storage:, :color:, :image:, :name:)', [...], false)
 5 SYSTEMPATH\Model.php(394): CodeIgniter\Database\BaseBuilder->insert()
 6 SYSTEMPATH\BaseModel.php(840): CodeIgniter\Model->doInsert([...])
 7 SYSTEMPATH\Model.php(802): CodeIgniter\BaseModel->insert([...], true)
 8 APPPATH\Controllers\keranjangController.php(101): CodeIgniter\Model->insert([...])
 9 SYSTEMPATH\CodeIgniter.php(933): App\Controllers\KeranjangController->tambah()
10 SYSTEMPATH\CodeIgniter.php(509): CodeIgniter\CodeIgniter->runController(Object(App\Controllers\KeranjangController))
11 SYSTEMPATH\CodeIgniter.php(355): CodeIgniter\CodeIgniter->handleRequest(null, Object(Config\Cache), false)
12 SYSTEMPATH\Boot.php(325): CodeIgniter\CodeIgniter->run()
13 SYSTEMPATH\Boot.php(67): CodeIgniter\Boot::runCodeIgniter(Object(CodeIgniter\CodeIgniter))
14 FCPATH\index.php(56): CodeIgniter\Boot::bootWeb(Object(Config\Paths))
ERROR - 2025-05-01 12:07:41 --> mysqli_sql_exception: Column 'name' cannot be null in C:\xampp\htdocs\grafix_API\system\Database\MySQLi\Connection.php:312
Stack trace:
#0 C:\xampp\htdocs\grafix_API\system\Database\MySQLi\Connection.php(312): mysqli->query('INSERT INTO `ke...', 0)
#1 C:\xampp\htdocs\grafix_API\system\Database\BaseConnection.php(734): CodeIgniter\Database\MySQLi\Connection->execute('INSERT INTO `ke...')
#2 C:\xampp\htdocs\grafix_API\system\Database\BaseConnection.php(648): CodeIgniter\Database\BaseConnection->simpleQuery('INSERT INTO `ke...')
#3 C:\xampp\htdocs\grafix_API\system\Database\BaseBuilder.php(2340): CodeIgniter\Database\BaseConnection->query('INSERT INTO `ke...', Array, false)
#4 C:\xampp\htdocs\grafix_API\system\Model.php(394): CodeIgniter\Database\BaseBuilder->insert()
#5 C:\xampp\htdocs\grafix_API\system\BaseModel.php(840): CodeIgniter\Model->doInsert(Array)
#6 C:\xampp\htdocs\grafix_API\system\Model.php(802): CodeIgniter\BaseModel->insert(Array, true)
#7 C:\xampp\htdocs\grafix_API\app\Controllers\keranjangController.php(101): CodeIgniter\Model->insert(Array)
#8 C:\xampp\htdocs\grafix_API\system\CodeIgniter.php(933): App\Controllers\KeranjangController->tambah()
#9 C:\xampp\htdocs\grafix_API\system\CodeIgniter.php(509): CodeIgniter\CodeIgniter->runController(Object(App\Controllers\KeranjangController))
#10 C:\xampp\htdocs\grafix_API\system\CodeIgniter.php(355): CodeIgniter\CodeIgniter->handleRequest(NULL, Object(Config\Cache), false)
#11 C:\xampp\htdocs\grafix_API\system\Boot.php(325): CodeIgniter\CodeIgniter->run()
#12 C:\xampp\htdocs\grafix_API\system\Boot.php(67): CodeIgniter\Boot::runCodeIgniter(Object(CodeIgniter\CodeIgniter))
#13 C:\xampp\htdocs\grafix_API\public\index.php(56): CodeIgniter\Boot::bootWeb(Object(Config\Paths))
#14 {main}
CRITICAL - 2025-05-01 12:07:41 --> CodeIgniter\Database\Exceptions\DatabaseException: Column 'name' cannot be null
[Method: POST, Route: api/keranjang/tambah]
in SYSTEMPATH\Database\BaseConnection.php on line 688.
 1 SYSTEMPATH\Database\BaseBuilder.php(2340): CodeIgniter\Database\BaseConnection->query('INSERT INTO `keranjang` (`user_id`, `produk_id`, `jumlah`, `storage`, `color`, `image`, `name`) VALUES (:user_id:, :produk_id:, :jumlah:, :storage:, :color:, :image:, :name:)', [...], false)
 2 SYSTEMPATH\Model.php(394): CodeIgniter\Database\BaseBuilder->insert()
 3 SYSTEMPATH\BaseModel.php(840): CodeIgniter\Model->doInsert([...])
 4 SYSTEMPATH\Model.php(802): CodeIgniter\BaseModel->insert([...], true)
 5 APPPATH\Controllers\keranjangController.php(101): CodeIgniter\Model->insert([...])
 6 SYSTEMPATH\CodeIgniter.php(933): App\Controllers\KeranjangController->tambah()
 7 SYSTEMPATH\CodeIgniter.php(509): CodeIgniter\CodeIgniter->runController(Object(App\Controllers\KeranjangController))
 8 SYSTEMPATH\CodeIgniter.php(355): CodeIgniter\CodeIgniter->handleRequest(null, Object(Config\Cache), false)
 9 SYSTEMPATH\Boot.php(325): CodeIgniter\CodeIgniter->run()
10 SYSTEMPATH\Boot.php(67): CodeIgniter\Boot::runCodeIgniter(Object(CodeIgniter\CodeIgniter))
11 FCPATH\index.php(56): CodeIgniter\Boot::bootWeb(Object(Config\Paths))
CRITICAL - 2025-05-01 12:07:41 --> [Caused by] CodeIgniter\Database\Exceptions\DatabaseException: Column 'name' cannot be null
in SYSTEMPATH\Database\MySQLi\Connection.php on line 317.
 1 SYSTEMPATH\Database\BaseConnection.php(734): CodeIgniter\Database\MySQLi\Connection->execute('INSERT INTO `keranjang` (`user_id`, `produk_id`, `jumlah`, `storage`, `color`, `image`, `name`) VALUES (\'4\', \'8\', 1, \'256GB/8GB\', \'Blue\', \'camon20premiere.jpg\', NULL)')
 2 SYSTEMPATH\Database\BaseConnection.php(648): CodeIgniter\Database\BaseConnection->simpleQuery('INSERT INTO `keranjang` (`user_id`, `produk_id`, `jumlah`, `storage`, `color`, `image`, `name`) VALUES (\'4\', \'8\', 1, \'256GB/8GB\', \'Blue\', \'camon20premiere.jpg\', NULL)')
 3 SYSTEMPATH\Database\BaseBuilder.php(2340): CodeIgniter\Database\BaseConnection->query('INSERT INTO `keranjang` (`user_id`, `produk_id`, `jumlah`, `storage`, `color`, `image`, `name`) VALUES (:user_id:, :produk_id:, :jumlah:, :storage:, :color:, :image:, :name:)', [...], false)
 4 SYSTEMPATH\Model.php(394): CodeIgniter\Database\BaseBuilder->insert()
 5 SYSTEMPATH\BaseModel.php(840): CodeIgniter\Model->doInsert([...])
 6 SYSTEMPATH\Model.php(802): CodeIgniter\BaseModel->insert([...], true)
 7 APPPATH\Controllers\keranjangController.php(101): CodeIgniter\Model->insert([...])
 8 SYSTEMPATH\CodeIgniter.php(933): App\Controllers\KeranjangController->tambah()
 9 SYSTEMPATH\CodeIgniter.php(509): CodeIgniter\CodeIgniter->runController(Object(App\Controllers\KeranjangController))
10 SYSTEMPATH\CodeIgniter.php(355): CodeIgniter\CodeIgniter->handleRequest(null, Object(Config\Cache), false)
11 SYSTEMPATH\Boot.php(325): CodeIgniter\CodeIgniter->run()
12 SYSTEMPATH\Boot.php(67): CodeIgniter\Boot::runCodeIgniter(Object(CodeIgniter\CodeIgniter))
13 FCPATH\index.php(56): CodeIgniter\Boot::bootWeb(Object(Config\Paths))
CRITICAL - 2025-05-01 12:07:41 --> [Caused by] mysqli_sql_exception: Column 'name' cannot be null
in SYSTEMPATH\Database\MySQLi\Connection.php on line 312.
 1 SYSTEMPATH\Database\MySQLi\Connection.php(312): mysqli->query('INSERT INTO `keranjang` (`user_id`, `produk_id`, `jumlah`, `storage`, `color`, `image`, `name`) VALUES (\'4\', \'8\', 1, \'256GB/8GB\', \'Blue\', \'camon20premiere.jpg\', NULL)', 0)
 2 SYSTEMPATH\Database\BaseConnection.php(734): CodeIgniter\Database\MySQLi\Connection->execute('INSERT INTO `keranjang` (`user_id`, `produk_id`, `jumlah`, `storage`, `color`, `image`, `name`) VALUES (\'4\', \'8\', 1, \'256GB/8GB\', \'Blue\', \'camon20premiere.jpg\', NULL)')
 3 SYSTEMPATH\Database\BaseConnection.php(648): CodeIgniter\Database\BaseConnection->simpleQuery('INSERT INTO `keranjang` (`user_id`, `produk_id`, `jumlah`, `storage`, `color`, `image`, `name`) VALUES (\'4\', \'8\', 1, \'256GB/8GB\', \'Blue\', \'camon20premiere.jpg\', NULL)')
 4 SYSTEMPATH\Database\BaseBuilder.php(2340): CodeIgniter\Database\BaseConnection->query('INSERT INTO `keranjang` (`user_id`, `produk_id`, `jumlah`, `storage`, `color`, `image`, `name`) VALUES (:user_id:, :produk_id:, :jumlah:, :storage:, :color:, :image:, :name:)', [...], false)
 5 SYSTEMPATH\Model.php(394): CodeIgniter\Database\BaseBuilder->insert()
 6 SYSTEMPATH\BaseModel.php(840): CodeIgniter\Model->doInsert([...])
 7 SYSTEMPATH\Model.php(802): CodeIgniter\BaseModel->insert([...], true)
 8 APPPATH\Controllers\keranjangController.php(101): CodeIgniter\Model->insert([...])
 9 SYSTEMPATH\CodeIgniter.php(933): App\Controllers\KeranjangController->tambah()
10 SYSTEMPATH\CodeIgniter.php(509): CodeIgniter\CodeIgniter->runController(Object(App\Controllers\KeranjangController))
11 SYSTEMPATH\CodeIgniter.php(355): CodeIgniter\CodeIgniter->handleRequest(null, Object(Config\Cache), false)
12 SYSTEMPATH\Boot.php(325): CodeIgniter\CodeIgniter->run()
13 SYSTEMPATH\Boot.php(67): CodeIgniter\Boot::runCodeIgniter(Object(CodeIgniter\CodeIgniter))
14 FCPATH\index.php(56): CodeIgniter\Boot::bootWeb(Object(Config\Paths))
